Maintenance task ran at Tue Oct 21 01:19:38 UTC 2025
Maintenance task ran at Wed Oct 22 01:21:08 UTC 2025
Maintenance task ran at Thu Oct 23 01:19:05 UTC 2025
Maintenance task ran at Fri Oct 24 01:15:30 UTC 2025
Maintenance task ran at Sat Oct 25 01:16:36 UTC 2025
Maintenance task ran at Sun Oct 26 01:24:02 UTC 2025
Maintenance task ran at Mon Oct 27 01:25:32 UTC 2025
Maintenance task ran at Tue Oct 28 01:18:03 UTC 2025
Maintenance task ran at Wed Oct 29 01:23:11 UTC 2025
Maintenance task ran at Thu Oct 30 01:22:40 UTC 2025
Maintenance task ran at Fri Oct 31 01:20:15 UTC 2025
Maintenance task ran at Sat Nov  1 01:24:18 UTC 2025
Maintenance task ran at Sun Nov  2 01:25:16 UTC 2025
Maintenance task ran at Mon Nov  3 01:23:38 UTC 2025
Maintenance task ran at Tue Nov  4 01:20:38 UTC 2025
Maintenance task ran at Wed Nov  5 01:22:01 UTC 2025
Maintenance task ran at Thu Nov  6 01:21:46 UTC 2025
Maintenance task ran at Fri Nov  7 01:21:34 UTC 2025
Maintenance task ran at Sat Nov  8 01:17:09 UTC 2025
Maintenance task ran at Sun Nov  9 01:24:46 UTC 2025
Maintenance task ran at Mon Nov 10 01:24:38 UTC 2025
Maintenance task ran at Tue Nov 11 01:22:09 UTC 2025
Maintenance task ran at Wed Nov 12 01:21:38 UTC 2025
Maintenance task ran at Thu Nov 13 01:22:15 UTC 2025
Maintenance task ran at Fri Nov 14 01:21:50 UTC 2025
Maintenance task ran at Sat Nov 15 01:19:45 UTC 2025
Maintenance task ran at Sun Nov 16 01:26:54 UTC 2025
Maintenance task ran at Mon Nov 17 01:22:40 UTC 2025
Maintenance task ran at Tue Nov 18 01:21:39 UTC 2025
Maintenance task ran at Wed Nov 19 01:21:25 UTC 2025
Maintenance task ran at Thu Nov 20 01:20:13 UTC 2025
Maintenance task ran at Fri Nov 21 01:20:51 UTC 2025
Maintenance task ran at Sat Nov 22 01:18:06 UTC 2025
Maintenance task ran at Sun Nov 23 01:40:24 UTC 2025
Maintenance task ran at Mon Nov 24 01:26:51 UTC 2025
Maintenance task ran at Tue Nov 25 01:21:51 UTC 2025
Maintenance task ran at Wed Nov 26 01:22:05 UTC 2025
Maintenance task ran at Thu Nov 27 01:20:44 UTC 2025
Maintenance task ran at Fri Nov 28 01:20:11 UTC 2025
Maintenance task ran at Sat Nov 29 01:20:33 UTC 2025
Maintenance task ran at Sun Nov 30 01:39:41 UTC 2025
Maintenance task ran at Mon Dec  1 01:46:36 UTC 2025
Maintenance task ran at Tue Dec  2 01:23:37 UTC 2025
Maintenance task ran at Wed Dec  3 01:23:51 UTC 2025
Maintenance task ran at Thu Dec  4 01:23:52 UTC 2025
Maintenance task ran at Fri Dec  5 01:24:24 UTC 2025
Maintenance task ran at Sat Dec  6 01:20:00 UTC 2025
Maintenance task ran at Sun Dec  7 01:39:42 UTC 2025
Maintenance task ran at Mon Dec  8 01:24:29 UTC 2025
Maintenance task ran at Tue Dec  9 01:24:01 UTC 2025
Maintenance task ran at Wed Dec 10 01:25:39 UTC 2025
Maintenance task ran at Thu Dec 11 01:26:29 UTC 2025
Maintenance task ran at Fri Dec 12 01:26:15 UTC 2025
Maintenance task ran at Sat Dec 13 01:21:24 UTC 2025
Maintenance task ran at Sun Dec 14 01:40:38 UTC 2025
Maintenance task ran at Mon Dec 15 01:28:44 UTC 2025
Maintenance task ran at Tue Dec 16 01:27:10 UTC 2025
Maintenance task ran at Wed Dec 17 01:22:12 UTC 2025
Maintenance task ran at Thu Dec 18 01:22:53 UTC 2025
Maintenance task ran at Fri Dec 19 01:26:27 UTC 2025
Maintenance task ran at Sat Dec 20 01:22:14 UTC 2025
Maintenance task ran at Sun Dec 21 01:40:28 UTC 2025
Maintenance task ran at Mon Dec 22 01:39:54 UTC 2025
Maintenance task ran at Tue Dec 23 01:26:29 UTC 2025
Maintenance task ran at Wed Dec 24 01:25:29 UTC 2025
Maintenance task ran at Thu Dec 25 01:26:28 UTC 2025
Maintenance task ran at Fri Dec 26 01:26:31 UTC 2025
Maintenance task ran at Sat Dec 27 01:24:34 UTC 2025
Maintenance task ran at Sun Dec 28 01:45:10 UTC 2025
Maintenance task ran at Mon Dec 29 01:43:35 UTC 2025
Maintenance task ran at Tue Dec 30 01:26:59 UTC 2025
Maintenance task ran at Wed Dec 31 01:28:01 UTC 2025
Maintenance task ran at Thu Jan  1 01:46:04 UTC 2026
Maintenance task ran at Fri Jan  2 01:28:41 UTC 2026
Maintenance task ran at Sat Jan  3 01:24:00 UTC 2026
Maintenance task ran at Sun Jan  4 01:46:19 UTC 2026
Maintenance task ran at Mon Jan  5 01:46:20 UTC 2026
Maintenance task ran at Tue Jan  6 01:28:27 UTC 2026
Maintenance task ran at Wed Jan  7 01:28:39 UTC 2026
Maintenance task ran at Thu Jan  8 01:38:25 UTC 2026
Maintenance task ran at Fri Jan  9 01:38:40 UTC 2026
Maintenance task ran at Sat Jan 10 01:26:35 UTC 2026
Maintenance task ran at Sun Jan 11 01:46:10 UTC 2026
Maintenance task ran at Mon Jan 12 01:42:59 UTC 2026
Maintenance task ran at Tue Jan 13 01:25:45 UTC 2026
Maintenance task ran at Wed Jan 14 01:42:24 UTC 2026
Maintenance task ran at Thu Jan 15 01:27:39 UTC 2026
Maintenance task ran at Fri Jan 16 01:39:11 UTC 2026
Maintenance task ran at Sat Jan 17 01:25:40 UTC 2026
Maintenance task ran at Sun Jan 18 01:45:04 UTC 2026
Maintenance task ran at Mon Jan 19 01:43:36 UTC 2026
Maintenance task ran at Tue Jan 20 01:38:52 UTC 2026
Maintenance task ran at Wed Jan 21 01:41:48 UTC 2026
Maintenance task ran at Thu Jan 22 01:41:31 UTC 2026
Maintenance task ran at Fri Jan 23 01:39:15 UTC 2026
Maintenance task ran at Sat Jan 24 01:27:09 UTC 2026
Maintenance task ran at Sun Jan 25 01:47:54 UTC 2026
Maintenance task ran at Mon Jan 26 01:47:17 UTC 2026
Maintenance task ran at Tue Jan 27 01:45:05 UTC 2026
Maintenance task ran at Wed Jan 28 01:41:18 UTC 2026
Maintenance task ran at Thu Jan 29 01:53:11 UTC 2026
Maintenance task ran at Fri Jan 30 01:53:56 UTC 2026
Maintenance task ran at Sat Jan 31 01:49:33 UTC 2026
Maintenance task ran at Sun Feb  1 02:08:58 UTC 2026
Maintenance task ran at Mon Feb  2 02:01:07 UTC 2026
Maintenance task ran at Tue Feb  3 01:59:43 UTC 2026
Maintenance task ran at Wed Feb  4 01:54:50 UTC 2026
Maintenance task ran at Thu Feb  5 01:56:08 UTC 2026
Maintenance task ran at Fri Feb  6 01:55:12 UTC 2026
Maintenance task ran at Sat Feb  7 01:51:44 UTC 2026
Maintenance task ran at Sun Feb  8 02:25:05 UTC 2026
Maintenance task ran at Mon Feb  9 02:03:03 UTC 2026
Maintenance task ran at Tue Feb 10 02:12:48 UTC 2026
Maintenance task ran at Wed Feb 11 02:08:48 UTC 2026
Maintenance task ran at Thu Feb 12 02:02:19 UTC 2026
Maintenance task ran at Fri Feb 13 02:05:14 UTC 2026
Maintenance task ran at Sat Feb 14 01:53:59 UTC 2026
Maintenance task ran at Sun Feb 15 02:04:45 UTC 2026
Maintenance task ran at Mon Feb 16 02:00:21 UTC 2026
Maintenance task ran at Tue Feb 17 01:58:11 UTC 2026
Maintenance task ran at Wed Feb 18 02:01:45 UTC 2026
Maintenance task ran at Thu Feb 19 02:00:35 UTC 2026
Maintenance task ran at Fri Feb 20 01:56:34 UTC 2026
Maintenance task ran at Sat Feb 21 01:51:17 UTC 2026
Maintenance task ran at Sun Feb 22 02:00:02 UTC 2026
Maintenance task ran at Mon Feb 23 02:01:04 UTC 2026
Maintenance task ran at Tue Feb 24 01:58:02 UTC 2026
Maintenance task ran at Wed Feb 25 02:00:08 UTC 2026
Maintenance task ran at Thu Feb 26 01:55:38 UTC 2026
Maintenance task ran at Fri Feb 27 01:54:54 UTC 2026
Maintenance task ran at Sat Feb 28 01:45:33 UTC 2026
Maintenance task ran at Sun Mar  1 02:06:59 UTC 2026
Maintenance task ran at Mon Mar  2 01:57:45 UTC 2026
Maintenance task ran at Tue Mar  3 01:59:51 UTC 2026
Maintenance task ran at Wed Mar  4 01:53:47 UTC 2026
Maintenance task ran at Thu Mar  5 01:56:45 UTC 2026
Maintenance task ran at Fri Mar  6 01:57:20 UTC 2026
Maintenance task ran at Sat Mar  7 01:49:37 UTC 2026
Maintenance task ran at Sun Mar  8 01:58:09 UTC 2026
Maintenance task ran at Mon Mar  9 01:59:29 UTC 2026
Maintenance task ran at Tue Mar 10 01:51:49 UTC 2026
Maintenance task ran at Wed Mar 11 01:51:52 UTC 2026
Maintenance task ran at Thu Mar 12 01:57:26 UTC 2026
Maintenance task ran at Fri Mar 13 01:55:59 UTC 2026
Maintenance task ran at Sat Mar 14 01:53:10 UTC 2026
Maintenance task ran at Sun Mar 15 02:09:41 UTC 2026
Maintenance task ran at Mon Mar 16 02:11:31 UTC 2026
Maintenance task ran at Tue Mar 17 01:58:35 UTC 2026
Maintenance task ran at Wed Mar 18 02:02:37 UTC 2026
Maintenance task ran at Thu Mar 19 02:03:29 UTC 2026
Maintenance task ran at Fri Mar 20 01:57:49 UTC 2026
Maintenance task ran at Sat Mar 21 01:51:38 UTC 2026
Maintenance task ran at Sun Mar 22 02:03:48 UTC 2026
Maintenance task ran at Mon Mar 23 02:04:41 UTC 2026
Maintenance task ran at Tue Mar 24 01:56:29 UTC 2026
Maintenance task ran at Wed Mar 25 02:02:22 UTC 2026
Maintenance task ran at Thu Mar 26 02:08:18 UTC 2026
Maintenance task ran at Fri Mar 27 02:09:04 UTC 2026
Maintenance task ran at Sat Mar 28 02:00:47 UTC 2026
Maintenance task ran at Sun Mar 29 02:11:45 UTC 2026
Maintenance task ran at Mon Mar 30 02:27:31 UTC 2026
Maintenance task ran at Tue Mar 31 02:09:56 UTC 2026
Maintenance task ran at Wed Apr  1 02:26:39 UTC 2026
Maintenance task ran at Thu Apr  2 02:06:10 UTC 2026
Maintenance task ran at Fri Apr  3 02:07:53 UTC 2026
Maintenance task ran at Sat Apr  4 02:00:22 UTC 2026
Maintenance task ran at Sun Apr  5 02:21:44 UTC 2026
Maintenance task ran at Mon Apr  6 02:23:07 UTC 2026
Maintenance task ran at Tue Apr  7 02:10:39 UTC 2026
Maintenance task ran at Wed Apr  8 02:11:23 UTC 2026
Maintenance task ran at Thu Apr  9 02:04:46 UTC 2026
